<?xml version="1.0" encoding="UTF-8"?>
<coverage generated="1434738769">
  <project timestamp="1434738769">
    <package name="gateway">
      <file name="/var/www/mundipagg/mundipagg-one-php/AutoLoader.php">
        <class name="AutoLoader" namespace="gateway">
          <metrics methods="4" coveredmethods="1" conditionals="0" coveredconditionals="0" statements="41" coveredstatements="13" elements="45" coveredelements="14"/>
        </class>
        <line num="0" type="stmt" count="1"/>
        <line num="57" type="method" name="registerNamespace" crap="42" count="0"/>
        <line num="58" type="stmt" count="0"/>
        <line num="59" type="stmt" count="0"/>
        <line num="60" type="stmt" count="0"/>
        <line num="61" type="stmt" count="0"/>
        <line num="62" type="stmt" count="0"/>
        <line num="63" type="stmt" count="0"/>
        <line num="64" type="stmt" count="0"/>
        <line num="65" type="stmt" count="0"/>
        <line num="66" type="stmt" count="0"/>
        <line num="67" type="stmt" count="0"/>
        <line num="68" type="stmt" count="0"/>
        <line num="69" type="stmt" count="0"/>
        <line num="70" type="stmt" count="0"/>
        <line num="71" type="stmt" count="0"/>
        <line num="84" type="method" name="registerDirectory" crap="42" count="0"/>
        <line num="85" type="stmt" count="0"/>
        <line num="86" type="stmt" count="0"/>
        <line num="87" type="stmt" count="0"/>
        <line num="89" type="stmt" count="0"/>
        <line num="90" type="stmt" count="0"/>
        <line num="92" type="stmt" count="0"/>
        <line num="93" type="stmt" count="0"/>
        <line num="94" type="stmt" count="0"/>
        <line num="95" type="stmt" count="0"/>
        <line num="96" type="stmt" count="0"/>
        <line num="107" type="method" name="registerClass" crap="2" count="0"/>
        <line num="108" type="stmt" count="0"/>
        <line num="109" type="stmt" count="0"/>
        <line num="118" type="method" name="loadClass" crap="5.06" count="5"/>
        <line num="120" type="stmt" count="5"/>
        <line num="121" type="stmt" count="5"/>
        <line num="122" type="stmt" count="0"/>
        <line num="123" type="stmt" count="0"/>
        <line num="127" type="stmt" count="5"/>
        <line num="128" type="stmt" count="5"/>
        <line num="129" type="stmt" count="5"/>
        <line num="130" type="stmt" count="5"/>
        <line num="131" type="stmt" count="5"/>
        <line num="132" type="stmt" count="5"/>
        <line num="134" type="stmt" count="5"/>
        <line num="136" type="stmt" count="5"/>
        <line num="137" type="stmt" count="5"/>
        <line num="138" type="stmt" count="5"/>
        <line num="139" type="stmt" count="5"/>
        <metrics loc="143" ncloc="65" classes="1" methods="4" coveredmethods="0" conditionals="0" coveredconditionals="0" statements="41" coveredstatements="13" elements="45" coveredelements="13"/>
      </file>
    </package>
    <package name="Gateway\One\DataContract\Common">
      <file name="/var/www/mundipagg/mundipagg-one-php/lib/One/DataContract/Common/BaseObject.php">
        <class name="BaseObject" namespace="Gateway\One\DataContract\Common">
          <metrics methods="1" coveredmethods="0" conditionals="0" coveredconditionals="0" statements="17" coveredstatements="0" elements="18" coveredelements="0"/>
        </class>
        <line num="7" type="method" name="getData" crap="56" count="0"/>
        <line num="9" type="stmt" count="0"/>
        <line num="11" type="stmt" count="0"/>
        <line num="12" type="stmt" count="0"/>
        <line num="13" type="stmt" count="0"/>
        <line num="14" type="stmt" count="0"/>
        <line num="15" type="stmt" count="0"/>
        <line num="16" type="stmt" count="0"/>
        <line num="17" type="stmt" count="0"/>
        <line num="18" type="stmt" count="0"/>
        <line num="19" type="stmt" count="0"/>
        <line num="20" type="stmt" count="0"/>
        <line num="21" type="stmt" count="0"/>
        <line num="23" type="stmt" count="0"/>
        <line num="24" type="stmt" count="0"/>
        <line num="25" type="stmt" count="0"/>
        <line num="26" type="stmt" count="0"/>
        <line num="28" type="stmt" count="0"/>
        <metrics loc="29" ncloc="29" classes="1" methods="1" coveredmethods="0" conditionals="0" coveredconditionals="0" statements="17" coveredstatements="0" elements="18" coveredelements="0"/>
      </file>
    </package>
    <package name="Gateway\One\DataContract\Enum">
      <file name="/var/www/mundipagg/mundipagg-one-php/lib/One/DataContract/Enum/CreditCardBrandEnum.php">
        <class name="CreditCardBrandEnum" namespace="Gateway\One\DataContract\Enum">
          <metrics methods="0" coveredmethods="0" conditionals="0" coveredconditionals="0" statements="0" coveredstatements="0" elements="0" coveredelements="0"/>
        </class>
        <metrics loc="19" ncloc="19" classes="1" methods="0" coveredmethods="0" conditionals="0" coveredconditionals="0" statements="0" coveredstatements="0" elements="0" coveredelements="0"/>
      </file>
    </package>
    <package name="Gateway\One\DataContract\Request\CreateSaleRequestData">
      <file name="/var/www/mundipagg/mundipagg-one-php/lib/One/DataContract/Request/CreateSaleRequestData/Buyer.php">
        <class name="Buyer" namespace="Gateway\One\DataContract\Request\CreateSaleRequestData" fullPackage="gateway" package="gateway">
          <metrics methods="37" coveredmethods="3" conditionals="0" coveredconditionals="0" statements="60" coveredstatements="5" elements="97" coveredelements="8"/>
        </class>
        <line num="109" type="method" name="__construct" crap="1" count="1"/>
        <line num="111" type="stmt" count="1"/>
        <line num="112" type="stmt" count="1"/>
        <line num="117" type="method" name="getBuyerKey" crap="2" count="0"/>
        <line num="119" type="stmt" count="0"/>
        <line num="126" type="method" name="setBuyerKey" crap="2" count="0"/>
        <line num="128" type="stmt" count="0"/>
        <line num="130" type="stmt" count="0"/>
        <line num="136" type="method" name="getName" crap="2" count="0"/>
        <line num="138" type="stmt" count="0"/>
        <line num="145" type="method" name="setName" crap="2" count="0"/>
        <line num="147" type="stmt" count="0"/>
        <line num="149" type="stmt" count="0"/>
        <line num="155" type="method" name="getPersonType" crap="2" count="0"/>
        <line num="157" type="stmt" count="0"/>
        <line num="164" type="method" name="setPersonType" crap="2" count="0"/>
        <line num="166" type="stmt" count="0"/>
        <line num="168" type="stmt" count="0"/>
        <line num="174" type="method" name="getBuyerReference" crap="2" count="0"/>
        <line num="176" type="stmt" count="0"/>
        <line num="183" type="method" name="setBuyerReference" crap="2" count="0"/>
        <line num="185" type="stmt" count="0"/>
        <line num="187" type="stmt" count="0"/>
        <line num="193" type="method" name="getBuyerCategory" crap="2" count="0"/>
        <line num="195" type="stmt" count="0"/>
        <line num="202" type="method" name="setBuyerCategory" crap="2" count="0"/>
        <line num="204" type="stmt" count="0"/>
        <line num="206" type="stmt" count="0"/>
        <line num="212" type="method" name="getDocumentNumber" crap="2" count="0"/>
        <line num="214" type="stmt" count="0"/>
        <line num="221" type="method" name="setDocumentNumber" crap="2" count="0"/>
        <line num="223" type="stmt" count="0"/>
        <line num="225" type="stmt" count="0"/>
        <line num="231" type="method" name="getDocumentType" crap="2" count="0"/>
        <line num="233" type="stmt" count="0"/>
        <line num="240" type="method" name="setDocumentType" crap="2" count="0"/>
        <line num="242" type="stmt" count="0"/>
        <line num="244" type="stmt" count="0"/>
        <line num="250" type="method" name="getEmail" crap="2" count="0"/>
        <line num="252" type="stmt" count="0"/>
        <line num="259" type="method" name="setEmail" crap="2" count="0"/>
        <line num="261" type="stmt" count="0"/>
        <line num="263" type="stmt" count="0"/>
        <line num="269" type="method" name="getEmailType" crap="2" count="0"/>
        <line num="271" type="stmt" count="0"/>
        <line num="278" type="method" name="setEmailType" crap="2" count="0"/>
        <line num="280" type="stmt" count="0"/>
        <line num="282" type="stmt" count="0"/>
        <line num="288" type="method" name="getGender" crap="2" count="0"/>
        <line num="290" type="stmt" count="0"/>
        <line num="297" type="method" name="setGender" crap="2" count="0"/>
        <line num="299" type="stmt" count="0"/>
        <line num="301" type="stmt" count="0"/>
        <line num="307" type="method" name="getHomePhone" crap="2" count="0"/>
        <line num="309" type="stmt" count="0"/>
        <line num="316" type="method" name="setHomePhone" crap="2" count="0"/>
        <line num="318" type="stmt" count="0"/>
        <line num="320" type="stmt" count="0"/>
        <line num="326" type="method" name="getMobilePhone" crap="2" count="0"/>
        <line num="328" type="stmt" count="0"/>
        <line num="335" type="method" name="setMobilePhone" crap="2" count="0"/>
        <line num="337" type="stmt" count="0"/>
        <line num="339" type="stmt" count="0"/>
        <line num="345" type="method" name="getBirthDate" crap="1" count="1"/>
        <line num="347" type="stmt" count="1"/>
        <line num="354" type="method" name="setBirthDate" crap="1" count="1"/>
        <line num="356" type="stmt" count="1"/>
        <line num="358" type="stmt" count="1"/>
        <line num="364" type="method" name="getAddressCollection" crap="2" count="0"/>
        <line num="366" type="stmt" count="0"/>
        <line num="373" type="method" name="addAddress" crap="6" count="0"/>
        <line num="375" type="stmt" count="0"/>
        <line num="376" type="stmt" count="0"/>
        <line num="377" type="stmt" count="0"/>
        <line num="378" type="stmt" count="0"/>
        <line num="380" type="stmt" count="0"/>
        <line num="382" type="stmt" count="0"/>
        <line num="388" type="method" name="getFacebookId" crap="2" count="0"/>
        <line num="390" type="stmt" count="0"/>
        <line num="397" type="method" name="setFacebookId" crap="2" count="0"/>
        <line num="399" type="stmt" count="0"/>
        <line num="401" type="stmt" count="0"/>
        <line num="407" type="method" name="getTwitterId" crap="2" count="0"/>
        <line num="409" type="stmt" count="0"/>
        <line num="416" type="method" name="setTwitterId" crap="2" count="0"/>
        <line num="418" type="stmt" count="0"/>
        <line num="420" type="stmt" count="0"/>
        <line num="426" type="method" name="getCreateDateInMerchant" crap="2" count="0"/>
        <line num="428" type="stmt" count="0"/>
        <line num="435" type="method" name="setCreateDateInMerchant" crap="2" count="0"/>
        <line num="437" type="stmt" count="0"/>
        <line num="439" type="stmt" count="0"/>
        <line num="445" type="method" name="getLastBuyerUpdateInMerchant" crap="2" count="0"/>
        <line num="447" type="stmt" count="0"/>
        <line num="454" type="method" name="setLastBuyerUpdateInMerchant" crap="2" count="0"/>
        <line num="456" type="stmt" count="0"/>
        <line num="458" type="stmt" count="0"/>
        <metrics loc="459" ncloc="272" classes="1" methods="37" coveredmethods="3" conditionals="0" coveredconditionals="0" statements="60" coveredstatements="5" elements="97" coveredelements="8"/>
      </file>
      <file name="/var/www/mundipagg/mundipagg-one-php/lib/One/DataContract/Request/CreateSaleRequestData/CreditCard.php">
        <class name="CreditCard" namespace="Gateway\One\DataContract\Request\CreateSaleRequestData" fullPackage="gateway" package="gateway">
          <metrics methods="16" coveredmethods="7" conditionals="0" coveredconditionals="0" statements="28" coveredstatements="15" elements="44" coveredelements="22"/>
        </class>
        <line num="55" type="method" name="__construct" crap="1" count="1"/>
        <line num="57" type="stmt" count="1"/>
        <line num="58" type="stmt" count="1"/>
        <line num="59" type="stmt" count="1"/>
        <line num="64" type="method" name="getBillingAddress" crap="6" count="0"/>
        <line num="66" type="stmt" count="0"/>
        <line num="67" type="stmt" count="0"/>
        <line num="68" type="stmt" count="0"/>
        <line num="70" type="stmt" count="0"/>
        <line num="76" type="method" name="getCreditCardBrand" crap="2" count="0"/>
        <line num="78" type="stmt" count="0"/>
        <line num="85" type="method" name="setCreditCardBrand" crap="1" count="1"/>
        <line num="87" type="stmt" count="1"/>
        <line num="89" type="stmt" count="1"/>
        <line num="95" type="method" name="getCreditCardNumber" crap="2" count="0"/>
        <line num="97" type="stmt" count="0"/>
        <line num="104" type="method" name="setCreditCardNumber" crap="1" count="1"/>
        <line num="106" type="stmt" count="1"/>
        <line num="108" type="stmt" count="1"/>
        <line num="114" type="method" name="getExpMonth" crap="2" count="0"/>
        <line num="116" type="stmt" count="0"/>
        <line num="123" type="method" name="setExpMonth" crap="1" count="1"/>
        <line num="125" type="stmt" count="1"/>
        <line num="127" type="stmt" count="1"/>
        <line num="133" type="method" name="getExpYear" crap="2" count="0"/>
        <line num="135" type="stmt" count="0"/>
        <line num="142" type="method" name="setExpYear" crap="1" count="1"/>
        <line num="144" type="stmt" count="1"/>
        <line num="146" type="stmt" count="1"/>
        <line num="152" type="method" name="getHolderName" crap="2" count="0"/>
        <line num="154" type="stmt" count="0"/>
        <line num="161" type="method" name="setHolderName" crap="1" count="1"/>
        <line num="163" type="stmt" count="1"/>
        <line num="165" type="stmt" count="1"/>
        <line num="171" type="method" name="getInstantBuyKey" crap="2" count="0"/>
        <line num="173" type="stmt" count="0"/>
        <line num="180" type="method" name="setInstantBuyKey" crap="2" count="0"/>
        <line num="182" type="stmt" count="0"/>
        <line num="184" type="stmt" count="0"/>
        <line num="190" type="method" name="getSecurityCode" crap="2" count="0"/>
        <line num="192" type="stmt" count="0"/>
        <line num="199" type="method" name="setSecurityCode" crap="1" count="1"/>
        <line num="201" type="stmt" count="1"/>
        <line num="203" type="stmt" count="1"/>
        <metrics loc="204" ncloc="124" classes="1" methods="16" coveredmethods="7" conditionals="0" coveredconditionals="0" statements="28" coveredstatements="15" elements="44" coveredelements="22"/>
      </file>
      <file name="/var/www/mundipagg/mundipagg-one-php/lib/One/DataContract/Request/CreateSaleRequestData/ShoppingCart.php">
        <class name="ShoppingCart" namespace="Gateway\One\DataContract\Request\CreateSaleRequestData" fullPackage="gateway" package="gateway">
          <metrics methods="12" coveredmethods="5" conditionals="0" coveredconditionals="0" statements="25" coveredstatements="12" elements="37" coveredelements="17"/>
        </class>
        <line num="47" type="method" name="__construct" crap="1" count="2"/>
        <line num="49" type="stmt" count="2"/>
        <line num="50" type="stmt" count="2"/>
        <line num="56" type="method" name="setDeliveryDeadline" crap="1" count="1"/>
        <line num="58" type="stmt" count="1"/>
        <line num="60" type="stmt" count="1"/>
        <line num="66" type="method" name="getDeliveryDeadline" crap="1" count="1"/>
        <line num="68" type="stmt" count="1"/>
        <line num="75" type="method" name="setEstimatedDeliveryDate" crap="2" count="0"/>
        <line num="77" type="stmt" count="0"/>
        <line num="79" type="stmt" count="0"/>
        <line num="85" type="method" name="getEstimatedDeliveryDate" crap="2" count="0"/>
        <line num="87" type="stmt" count="0"/>
        <line num="95" type="method" name="setFreightCostInCents" crap="2" count="0"/>
        <line num="97" type="stmt" count="0"/>
        <line num="99" type="stmt" count="0"/>
        <line num="106" type="method" name="getFreightCostInCents" crap="2" count="0"/>
        <line num="108" type="stmt" count="0"/>
        <line num="116" type="method" name="setShippingCompany" crap="2" count="0"/>
        <line num="118" type="stmt" count="0"/>
        <line num="120" type="stmt" count="0"/>
        <line num="126" type="method" name="getShippingCompany" crap="2" count="0"/>
        <line num="128" type="stmt" count="0"/>
        <line num="134" type="method" name="getShoppingCartItemCollection" crap="1" count="1"/>
        <line num="136" type="stmt" count="1"/>
        <line num="143" type="method" name="addShoppingCartItem" crap="2" count="1"/>
        <line num="145" type="stmt" count="1"/>
        <line num="146" type="stmt" count="1"/>
        <line num="147" type="stmt" count="1"/>
        <line num="148" type="stmt" count="1"/>
        <line num="150" type="stmt" count="1"/>
        <line num="152" type="stmt" count="1"/>
        <line num="158" type="method" name="getDeliveryAddress" crap="6" count="0"/>
        <line num="160" type="stmt" count="0"/>
        <line num="161" type="stmt" count="0"/>
        <line num="162" type="stmt" count="0"/>
        <line num="164" type="stmt" count="0"/>
        <metrics loc="165" ncloc="102" classes="1" methods="12" coveredmethods="5" conditionals="0" coveredconditionals="0" statements="25" coveredstatements="12" elements="37" coveredelements="17"/>
      </file>
      <file name="/var/www/mundipagg/mundipagg-one-php/lib/One/DataContract/Request/CreateSaleRequestData/ShoppingCartItem.php">
        <class name="ShoppingCartItem" namespace="Gateway\One\DataContract\Request\CreateSaleRequestData" fullPackage="gateway" package="gateway">
          <metrics methods="14" coveredmethods="0" conditionals="0" coveredconditionals="0" statements="21" coveredstatements="0" elements="35" coveredelements="0"/>
        </class>
        <line num="52" type="method" name="setDescription" crap="2" count="0"/>
        <line num="54" type="stmt" count="0"/>
        <line num="56" type="stmt" count="0"/>
        <line num="62" type="method" name="getDescription" crap="2" count="0"/>
        <line num="64" type="stmt" count="0"/>
        <line num="71" type="method" name="setDiscountAmountInCents" crap="2" count="0"/>
        <line num="73" type="stmt" count="0"/>
        <line num="75" type="stmt" count="0"/>
        <line num="81" type="method" name="getDiscountAmountInCents" crap="2" count="0"/>
        <line num="83" type="stmt" count="0"/>
        <line num="90" type="method" name="setItemReference" crap="2" count="0"/>
        <line num="92" type="stmt" count="0"/>
        <line num="94" type="stmt" count="0"/>
        <line num="100" type="method" name="getItemReference" crap="2" count="0"/>
        <line num="102" type="stmt" count="0"/>
        <line num="110" type="method" name="setName" crap="2" count="0"/>
        <line num="112" type="stmt" count="0"/>
        <line num="114" type="stmt" count="0"/>
        <line num="120" type="method" name="getName" crap="2" count="0"/>
        <line num="122" type="stmt" count="0"/>
        <line num="129" type="method" name="setQuantity" crap="2" count="0"/>
        <line num="131" type="stmt" count="0"/>
        <line num="133" type="stmt" count="0"/>
        <line num="139" type="method" name="getQuantity" crap="2" count="0"/>
        <line num="141" type="stmt" count="0"/>
        <line num="148" type="method" name="setTotalCostInCents" crap="2" count="0"/>
        <line num="150" type="stmt" count="0"/>
        <line num="152" type="stmt" count="0"/>
        <line num="158" type="method" name="getTotalCostInCents" crap="2" count="0"/>
        <line num="160" type="stmt" count="0"/>
        <line num="167" type="method" name="setUnitCostInCents" crap="2" count="0"/>
        <line num="169" type="stmt" count="0"/>
        <line num="171" type="stmt" count="0"/>
        <line num="177" type="method" name="getUnitCostInCents" crap="2" count="0"/>
        <line num="179" type="stmt" count="0"/>
        <metrics loc="180" ncloc="106" classes="1" methods="14" coveredmethods="0" conditionals="0" coveredconditionals="0" statements="21" coveredstatements="0" elements="35" coveredelements="0"/>
      </file>
    </package>
    <package name="Gateway\One\Helper">
      <file name="/var/www/mundipagg/mundipagg-one-php/lib/One/Helper/CreditCardHelper.php">
        <class name="CreditCardHelper" namespace="Gateway\One\Helper" fullPackage="gateway" package="gateway">
          <metrics methods="2" coveredmethods="2" conditionals="0" coveredconditionals="0" statements="44" coveredstatements="32" elements="46" coveredelements="34"/>
        </class>
        <line num="19" type="method" name="getBrandByNumber" crap="22.75" count="1"/>
        <line num="22" type="stmt" count="1"/>
        <line num="24" type="stmt" count="1"/>
        <line num="25" type="stmt" count="1"/>
        <line num="26" type="stmt" count="0"/>
        <line num="28" type="stmt" count="1"/>
        <line num="30" type="stmt" count="0"/>
        <line num="32" type="stmt" count="1"/>
        <line num="34" type="stmt" count="0"/>
        <line num="36" type="stmt" count="1"/>
        <line num="38" type="stmt" count="0"/>
        <line num="40" type="stmt" count="1"/>
        <line num="42" type="stmt" count="0"/>
        <line num="44" type="stmt" count="1"/>
        <line num="46" type="stmt" count="0"/>
        <line num="48" type="stmt" count="1"/>
        <line num="50" type="stmt" count="0"/>
        <line num="52" type="stmt" count="1"/>
        <line num="54" type="stmt" count="1"/>
        <line num="58" type="stmt" count="0"/>
        <line num="69" type="method" name="createCreditCard" crap="10.41" count="2"/>
        <line num="71" type="stmt" count="2"/>
        <line num="72" type="stmt" count="1"/>
        <line num="76" type="stmt" count="1"/>
        <line num="77" type="stmt" count="0"/>
        <line num="81" type="stmt" count="1"/>
        <line num="82" type="stmt" count="1"/>
        <line num="83" type="stmt" count="1"/>
        <line num="86" type="stmt" count="1"/>
        <line num="87" type="stmt" count="0"/>
        <line num="91" type="stmt" count="1"/>
        <line num="92" type="stmt" count="0"/>
        <line num="96" type="stmt" count="1"/>
        <line num="97" type="stmt" count="1"/>
        <line num="100" type="stmt" count="1"/>
        <line num="103" type="stmt" count="1"/>
        <line num="104" type="stmt" count="0"/>
        <line num="108" type="stmt" count="1"/>
        <line num="111" type="stmt" count="1"/>
        <line num="112" type="stmt" count="1"/>
        <line num="113" type="stmt" count="1"/>
        <line num="114" type="stmt" count="1"/>
        <line num="115" type="stmt" count="1"/>
        <line num="116" type="stmt" count="1"/>
        <line num="117" type="stmt" count="1"/>
        <line num="120" type="stmt" count="1"/>
        <metrics loc="121" ncloc="83" classes="1" methods="2" coveredmethods="0" conditionals="0" coveredconditionals="0" statements="44" coveredstatements="32" elements="46" coveredelements="32"/>
      </file>
    </package>
    <metrics files="8" loc="1320" ncloc="800" classes="8" methods="86" coveredmethods="15" conditionals="0" coveredconditionals="0" statements="236" coveredstatements="77" elements="322" coveredelements="92"/>
  </project>
</coverage>
